<?xml version="1.0" encoding="UTF-8"?>
<!-- Generated by org.testng.reporters.JUnitReportReporter -->
<testsuite skipped="0" hostname="Shashank-PC" name="com.employee.testcases.TC003_Post_Employee_Record" tests="6" failures="0" timestamp="03 Dec 2019 12:49:41 GMT" time="0.093" errors="0">
  <testcase name="checkStatusLine" time="0.000" classname="com.employee.testcases.TC003_Post_Employee_Record"/>
  <testcase name="checkContentType" time="0.000" classname="com.employee.testcases.TC003_Post_Employee_Record"/>
  <testcase name="checkStatusCode" time="0.015" classname="com.employee.testcases.TC003_Post_Employee_Record"/>
  <testcase name="checkServerType" time="0.016" classname="com.employee.testcases.TC003_Post_Employee_Record"/>
  <testcase name="checkResponseBody" time="0.047" classname="com.employee.testcases.TC003_Post_Employee_Record"/>
  <testcase name="checkContentEncoding" time="0.015" classname="com.employee.testcases.TC003_Post_Employee_Record"/>
</testsuite> <!-- com.employee.testcases.TC003_Post_Employee_Record -->
