<?xml version="1.0" encoding="UTF-8"?>
<!-- Generated by org.testng.reporters.JUnitReportReporter -->
<testsuite skipped="0" hostname="Shashank-PC" name="com.employee.base.TestBase" tests="1" failures="0" timestamp="02 Dec 2019 12:45:50 GMT" time="0.047" errors="0">
  <testcase name="abc" time="0.047" classname="com.employee.base.TestBase"/>
</testsuite> <!-- com.employee.base.TestBase -->
