<?xml version="1.0" encoding="UTF-8"?>
<!-- Generated by org.testng.reporters.JUnitReportReporter -->
<testsuite skipped="0" hostname="Shashank-PC" name="com.employee.testcases.TC002_Get_Single_Employee_Record" tests="7" failures="0" timestamp="03 Dec 2019 12:49:41 GMT" time="0.046" errors="0">
  <testcase name="checkContentType" time="0.016" classname="com.employee.testcases.TC002_Get_Single_Employee_Record"/>
  <testcase name="checkStatusLine" time="0.004" classname="com.employee.testcases.TC002_Get_Single_Employee_Record"/>
  <testcase name="checkStatusCode" time="0.005" classname="com.employee.testcases.TC002_Get_Single_Employee_Record"/>
  <testcase name="checkContentLength" time="0.000" classname="com.employee.testcases.TC002_Get_Single_Employee_Record"/>
  <testcase name="checkServerType" time="0.006" classname="com.employee.testcases.TC002_Get_Single_Employee_Record"/>
  <testcase name="checkResponseBody" time="0.015" classname="com.employee.testcases.TC002_Get_Single_Employee_Record"/>
  <testcase name="checkResponseTime" time="0.000" classname="com.employee.testcases.TC002_Get_Single_Employee_Record"/>
</testsuite> <!-- com.employee.testcases.TC002_Get_Single_Employee_Record -->
